<?xml version="1.0" encoding="UTF-8"?>
<testng-results skipped="0" failed="0" ignored="0" total="1" passed="1">
  <reporter-output>
  </reporter-output>
  <suite name="Default suite" duration-ms="7246" started-at="2022-12-04T07:11:08Z" finished-at="2022-12-04T07:11:16Z">
    <groups>
    </groups>
    <test name="Default test" duration-ms="7246" started-at="2022-12-04T07:11:08Z" finished-at="2022-12-04T07:11:16Z">
      <class name="restgithub.CreateRepo">
        <test-method status="PASS" signature="test()[pri:0, instance:restgithub.CreateRepo@59fa1d9b]" name="test" duration-ms="7208" started-at="2022-12-04T12:41:08Z" finished-at="2022-12-04T12:41:16Z">
          <reporter-output>
          </reporter-output>
        </test-method> <!-- test -->
      </class> <!-- restgithub.CreateRepo -->
    </test> <!-- Default test -->
  </suite> <!-- Default suite -->
</testng-results>
